Building DAG of jobs...
Using shell: /bin/bash
Provided cores: 1 (use --cores to define parallelism)
Rules claiming more threads will be scaled down.
Job counts:
	count	jobs
	1	zazu
	1

[Fri Feb 21 10:58:04 2020]
rule zazu:
    input: /scratch/practice_genes/practice_genes/PHUM222190, /scratch/practice_genes/practice_genes/PHUM225030, /scratch/practice_genes/practice_genes/PHUM225970, /scratch/practice_genes/practice_genes/PHUM226110
    output: /scratch/practice_genes/practice_genes/PHUM222190/codeml_results.txt, /scratch/practice_genes/practice_genes/PHUM225030/codeml_results.txt, /scratch/practice_genes/practice_genes/PHUM225970/codeml_results.txt, /scratch/practice_genes/practice_genes/PHUM226110/codeml_results.txt
    jobid: 0

[Fri Feb 21 10:58:04 2020]
Error in rule zazu:
    jobid: 0
    output: /scratch/practice_genes/practice_genes/PHUM222190/codeml_results.txt, /scratch/practice_genes/practice_genes/PHUM225030/codeml_results.txt, /scratch/practice_genes/practice_genes/PHUM225970/codeml_results.txt, /scratch/practice_genes/practice_genes/PHUM226110/codeml_results.txt
    shell:
        codeml
        (one of the commands exited with non-zero exit code; note that snakemake uses bash strict mode!)

Shutting down, this might take some time.
Exiting because a job execution failed. Look above for error message
Complete log: /scratch/practice_genes/practice_genes/.snakemake/log/2020-02-21T105804.331301.snakemake.log
