Building DAG of jobs...
Using shell: /bin/bash
Provided cores: 1 (use --cores to define parallelism)
Rules claiming more threads will be scaled down.
Job counts:
	count	jobs
	1	all
	1

[Fri Feb 21 10:49:11 2020]
localrule all:
    output: allres.txt
    jobid: 0

Waiting at most 5 seconds for missing files.
MissingOutputException in line 3 of /scratch/practice_genes/practice_genes/Snakefile2:
Missing files after 5 seconds:
allres.txt
This might be due to filesystem latency. If that is the case, consider to increase the wait time with --latency-wait.
Shutting down, this might take some time.
Exiting because a job execution failed. Look above for error message
Complete log: /scratch/practice_genes/practice_genes/.snakemake/log/2020-02-21T104911.003262.snakemake.log
